<?xml version="1.0" encoding="UTF-8"?>
<testng-results ignored="0" total="3" passed="2" failed="1" skipped="0">
  <reporter-output>
  </reporter-output>
  <suite started-at="2023-11-06T13:29:59 GMT" name="Default suite" finished-at="2023-11-06T13:30:16 GMT" duration-ms="16313">
    <groups>
      <group name="cucumber">
        <method signature="AbstractTestNGCucumberTests.runScenario(io.cucumber.testng.PickleWrapper, io.cucumber.testng.FeatureWrapper)[pri:0, instance:runner.POMRunner@3e84448c]" name="runScenario" class="io.cucumber.testng.AbstractTestNGCucumberTests"/>
      </group> <!-- cucumber -->
    </groups>
    <test started-at="2023-11-06T13:29:59 GMT" name="Default test" finished-at="2023-11-06T13:30:16 GMT" duration-ms="16313">
      <class name="runner.POMRunner">
        <test-method is-config="true" signature="setUpClass(org.testng.ITestContext)[pri:0, instance:runner.POMRunner@3e84448c]" started-at="2023-11-06T13:30:00 GMT" name="setUpClass" finished-at="2023-11-06T13:30:00 GMT" duration-ms="345" status="PASS">
          <params>
            <param index="0">
              <value>
                <![CDATA[org.testng.TestRunner@7ab34619]]>
              </value>
            </param>
          </params>
          <reporter-output>
          </reporter-output>
        </test-method> <!-- setUpClass -->
        <test-method signature="runScenario(io.cucumber.testng.PickleWrapper, io.cucumber.testng.FeatureWrapper)[pri:0, instance:runner.POMRunner@3e84448c]" started-at="2023-11-06T13:30:00 GMT" name="runScenario" description="Runs Cucumber Scenarios" data-provider="scenarios" finished-at="2023-11-06T13:30:05 GMT" duration-ms="5294" status="PASS">
          <params>
            <param index="0">
              <value>
                <![CDATA["Search item"]]>
              </value>
            </param>
            <param index="1">
              <value>
                <![CDATA["Place Order"]]>
              </value>
            </param>
          </params>
          <reporter-output>
          </reporter-output>
        </test-method> <!-- runScenario -->
        <test-method signature="runScenario(io.cucumber.testng.PickleWrapper, io.cucumber.testng.FeatureWrapper)[pri:0, instance:runner.POMRunner@3e84448c]" started-at="2023-11-06T13:30:05 GMT" name="runScenario" description="Runs Cucumber Scenarios" data-provider="scenarios" finished-at="2023-11-06T13:30:11 GMT" duration-ms="6198" status="PASS">
          <params>
            <param index="0">
              <value>
                <![CDATA["Add item to cart"]]>
              </value>
            </param>
            <param index="1">
              <value>
                <![CDATA["Place Order"]]>
              </value>
            </param>
          </params>
          <reporter-output>
          </reporter-output>
        </test-method> <!-- runScenario -->
        <test-method signature="runScenario(io.cucumber.testng.PickleWrapper, io.cucumber.testng.FeatureWrapper)[pri:0, instance:runner.POMRunner@3e84448c]" started-at="2023-11-06T13:30:11 GMT" name="runScenario" description="Runs Cucumber Scenarios" data-provider="scenarios" finished-at="2023-11-06T13:30:16 GMT" duration-ms="4427" status="FAIL">
          <params>
            <param index="0">
              <value>
                <![CDATA["Buy the item"]]>
              </value>
            </param>
            <param index="1">
              <value>
                <![CDATA["Place Order"]]>
              </value>
            </param>
          </params>
          <exception class="org.openqa.selenium.ElementClickInterceptedException">
            <message>
              <![CDATA[element click intercepted: Element is not clickable at point (36, 565)
  (Session info: chrome=116.0.5845.140)
Build info: version: '4.13.0', revision: 'ba948ece5b*'
System info: os.name: 'Windows Server 2019', os.arch: 'amd64', os.version: '10.0', java.version: '16.0.2'
Driver info: org.openqa.selenium.chrome.ChromeDriver
Command: [a4b34345d9c6c24d79728ad5095fb361, clickElement {id=F8A86D26B863BDF09F8386FA3CE8D300_element_34}]
Capabilities {acceptInsecureCerts: false, browserName: chrome, browserVersion: 116.0.5845.140, chrome: {chromedriverVersion: 116.0.5845.96 (1a3918166880..., userDataDir: C:\Program Files\scoped_dir...}, fedcm:accounts: true, goog:chromeOptions: {debuggerAddress: localhost:50769}, networkConnectionEnabled: false, pageLoadStrategy: normal, platformName: windows, proxy: Proxy(), se:cdp: ws://localhost:50769/devtoo..., se:cdpVersion: 116.0.5845.140, setWindowRect: true, strictFileInteractability: false, timeouts: {implicit: 0, pageLoad: 300000, script: 30000}, unhandledPromptBehavior: dismiss and notify, webauthn:extension:credBlob: true, webauthn:extension:largeBlob: true, webauthn:extension:minPinLength: true, webauthn:extension:prf: true, webauthn:virtualAuthenticators: true}
Element: [[ChromeDriver: chrome on windows (a4b34345d9c6c24d79728ad5095fb361)] -> id: single]
Session ID: a4b34345d9c6c24d79728ad5095fb361]]>
            </message>
            <full-stacktrace>
              <![CDATA[org.openqa.selenium.ElementClickInterceptedException: element click intercepted: Element is not clickable at point (36, 565)
  (Session info: chrome=116.0.5845.140)
Build info: version: '4.13.0', revision: 'ba948ece5b*'
System info: os.name: 'Windows Server 2019', os.arch: 'amd64', os.version: '10.0', java.version: '16.0.2'
Driver info: org.openqa.selenium.chrome.ChromeDriver
Command: [a4b34345d9c6c24d79728ad5095fb361, clickElement {id=F8A86D26B863BDF09F8386FA3CE8D300_element_34}]
Capabilities {acceptInsecureCerts: false, browserName: chrome, browserVersion: 116.0.5845.140, chrome: {chromedriverVersion: 116.0.5845.96 (1a3918166880..., userDataDir: C:\Program Files\scoped_dir...}, fedcm:accounts: true, goog:chromeOptions: {debuggerAddress: localhost:50769}, networkConnectionEnabled: false, pageLoadStrategy: normal, platformName: windows, proxy: Proxy(), se:cdp: ws://localhost:50769/devtoo..., se:cdpVersion: 116.0.5845.140, setWindowRect: true, strictFileInteractability: false, timeouts: {implicit: 0, pageLoad: 300000, script: 30000}, unhandledPromptBehavior: dismiss and notify, webauthn:extension:credBlob: true, webauthn:extension:largeBlob: true, webauthn:extension:minPinLength: true, webauthn:extension:prf: true, webauthn:virtualAuthenticators: true}
Element: [[ChromeDriver: chrome on windows (a4b34345d9c6c24d79728ad5095fb361)] -> id: single]
Session ID: a4b34345d9c6c24d79728ad5095fb361
at java.base/jdk.internal.reflect.NativeConstructorAccessorImpl.newInstance0(Native Method)
at java.base/jdk.internal.reflect.NativeConstructorAccessorImpl.newInstance(NativeConstructorAccessorImpl.java:78)
at java.base/jdk.internal.reflect.DelegatingConstructorAccessorImpl.newInstance(DelegatingConstructorAccessorImpl.java:45)
at java.base/java.lang.reflect.Constructor.newInstanceWithCaller(Constructor.java:499)
at java.base/java.lang.reflect.Constructor.newInstance(Constructor.java:480)
at org.openqa.selenium.remote.codec.w3c.W3CHttpResponseCodec.createException(W3CHttpResponseCodec.java:200)
at org.openqa.selenium.remote.codec.w3c.W3CHttpResponseCodec.decode(W3CHttpResponseCodec.java:133)
at org.openqa.selenium.remote.codec.w3c.W3CHttpResponseCodec.decode(W3CHttpResponseCodec.java:52)
at org.openqa.selenium.remote.HttpCommandExecutor.execute(HttpCommandExecutor.java:191)
at org.openqa.selenium.remote.service.DriverCommandExecutor.invokeExecute(DriverCommandExecutor.java:196)
at org.openqa.selenium.remote.service.DriverCommandExecutor.execute(DriverCommandExecutor.java:171)
at org.openqa.selenium.remote.RemoteWebDriver.execute(RemoteWebDriver.java:602)
at org.openqa.selenium.remote.RemoteWebElement.execute(RemoteWebElement.java:224)
at org.openqa.selenium.remote.RemoteWebElement.click(RemoteWebElement.java:77)
at java.base/jdk.internal.reflect.NativeMethodAccessorImpl.invoke0(Native Method)
at java.base/jdk.internal.reflect.NativeMethodAccessorImpl.invoke(NativeMethodAccessorImpl.java:78)
at java.base/jdk.internal.reflect.DelegatingMethodAccessorImpl.invoke(DelegatingMethodAccessorImpl.java:43)
at java.base/java.lang.reflect.Method.invoke(Method.java:567)
at org.openqa.selenium.support.pagefactory.internal.LocatingElementHandler.invoke(LocatingElementHandler.java:51)
at jdk.proxy2/jdk.proxy2.$Proxy25.click(Unknown Source)
at pages.CheckOutPage.selectSinglepackageRadioBtn(CheckOutPage.java:37)
at stepDefinition.OrderStepDefinition.should_navigate_to_checkout_page(OrderStepDefinition.java:85)
at ✽.should navigate to checkout page(file:///C:/Users/Administrator/eclipse-workspace/BDDPOMDemo/src/test/resources/features/PlaceOrder.feature:15)
]]>
            </full-stacktrace>
          </exception> <!-- org.openqa.selenium.ElementClickInterceptedException -->
          <reporter-output>
          </reporter-output>
        </test-method> <!-- runScenario -->
        <test-method is-config="true" signature="tearDownClass()[pri:0, instance:runner.POMRunner@3e84448c]" started-at="2023-11-06T13:30:16 GMT" name="tearDownClass" finished-at="2023-11-06T13:30:16 GMT" duration-ms="4" status="PASS">
          <reporter-output>
          </reporter-output>
        </test-method> <!-- tearDownClass -->
      </class> <!-- runner.POMRunner -->
    </test> <!-- Default test -->
  </suite> <!-- Default suite -->
</testng-results>
